<?xml version="1.0" encoding="UTF-8"?>
<!-- Generated by org.testng.reporters.JUnitXMLReporter -->
<testsuite ignored="0" hostname="DESKTOP-U7KGGEJ" failures="0" tests="3" name="Test" time="30.263" errors="0" timestamp="2022-04-21T19:25:26 IST">
  <testcase classname="TestNG.AppFacebookForgotpassword" name="forgotpassword" time="4.279"/>
  <testcase classname="TestNG.AppFacabookCreatepage" name="createpage" time="4.911"/>
  <testcase classname="TestNG.AppFacebookLogin" name="login" time="8.034"/>
</testsuite> <!-- Test -->
