<?xml version="1.0" encoding="UTF-8"?>
<!-- Generated by org.testng.reporters.JUnitReportReporter -->
<testsuite hostname="DESKTOP-U7KGGEJ" failures="0" tests="1" name="TestNG.AppFacebookRerunFailedTC" time="8.809" errors="0" timestamp="2022-04-21T19:09:52 IST" skipped="0">
  <testcase classname="TestNG.AppFacebookRerunFailedTC" name="login" time="8.809"/>
  <system-out>
    <![CDATA[Facebook – log in or sign up
https://www.facebook.com/login/?privacy_mutation_token=eyJ0eXBlIjowLCJjcmVhdGlvbl90aW1lIjoxNjUwNTQ4Mzg4LCJjYWxsc2l0ZV9pZCI6MzgxMjI5MDc5NTc1OTQ2fQ%3D%3D]]>
  </system-out>
</testsuite> <!-- TestNG.AppFacebookRerunFailedTC -->
